<?xml version="1.0" encoding="UTF-8"?>
<testsuite xmlns:xsi="http://www.w3.org/2001/XMLSchema-instance" xsi:noNamespaceSchemaLocation="https://maven.apache.org/surefire/maven-surefire-plugin/xsd/surefire-test-report-3.0.xsd" version="3.0" name="BookingTest" time="3.594" tests="6" errors="0" skipped="0" failures="0">
  <properties>
[...]
</properties>
  <testcase name="getIndividualBooking" classname="BookingTest" time="3.478"/>
  <testcase name="createBookingWithCheckInDateLaterThanCheckOutDate" classname="BookingTest" time="3.079"/>
  <testcase name="createBookingForSameRoomInDifferentDate" classname="BookingTest" time="3.079"/>
  <testcase name="getBookings" classname="BookingTest" time="3.594"/>
  <testcase name="createBookingForSameRoomInSameDate" classname="BookingTest" time="3.079"/>
  <testcase name="createBookingWithDifferentTimeInformation" classname="BookingTest" time="3.079"/>
</testsuite>